Determining if the pthread_create exist failed with the following output:
Change Dir: /home/pi/cpp_cam/build/CMakeFiles/CMakeTmp

Run Build Command:"/usr/bin/make" "cmTC_88f0a/fast"
/usr/bin/make -f CMakeFiles/cmTC_88f0a.dir/build.make CMakeFiles/cmTC_88f0a.dir/build
make[1]: Entering directory '/home/pi/cpp_cam/build/CMakeFiles/CMakeTmp'
Building C object CMakeFiles/cmTC_88f0a.dir/CheckSymbolExists.c.o
/usr/bin/cc    -o CMakeFiles/cmTC_88f0a.dir/CheckSymbolExists.c.o   -c /home/pi/cpp_cam/build/CMakeFiles/CMakeTmp/CheckSymbolExists.c
Linking C executable cmTC_88f0a
/usr/bin/cmake -E cmake_link_script CMakeFiles/cmTC_88f0a.dir/link.txt --verbose=1
/usr/bin/cc      -rdynamic CMakeFiles/cmTC_88f0a.dir/CheckSymbolExists.c.o  -o cmTC_88f0a 
/usr/bin/ld: CMakeFiles/cmTC_88f0a.dir/CheckSymbolExists.c.o: na função "main":
CheckSymbolExists.c:(.text+0x38): referência não definida para "pthread_create"
collect2: error: ld returned 1 exit status
make[1]: *** [CMakeFiles/cmTC_88f0a.dir/build.make:87: cmTC_88f0a] Error 1
make[1]: Leaving directory '/home/pi/cpp_cam/build/CMakeFiles/CMakeTmp'
make: *** [Makefile:121: cmTC_88f0a/fast] Error 2

File /home/pi/cpp_cam/build/CMakeFiles/CMakeTmp/CheckSymbolExists.c:
/* */
#include <pthread.h>

int main(int argc, char** argv)
{
  (void)argv;
#ifndef pthread_create
  return ((int*)(&pthread_create))[argc];
#else
  (void)argc;
  return 0;
#endif
}

Determining if the function pthread_create exists in the pthreads failed with the following output:
Change Dir: /home/pi/cpp_cam/build/CMakeFiles/CMakeTmp

Run Build Command:"/usr/bin/make" "cmTC_ff269/fast"
/usr/bin/make -f CMakeFiles/cmTC_ff269.dir/build.make CMakeFiles/cmTC_ff269.dir/build
make[1]: Entering directory '/home/pi/cpp_cam/build/CMakeFiles/CMakeTmp'
Building C object CMakeFiles/cmTC_ff269.dir/CheckFunctionExists.c.o
/usr/bin/cc   -DCHECK_FUNCTION_EXISTS=pthread_create   -o CMakeFiles/cmTC_ff269.dir/CheckFunctionExists.c.o   -c /usr/share/cmake-3.13/Modules/CheckFunctionExists.c
Linking C executable cmTC_ff269
/usr/bin/cmake -E cmake_link_script CMakeFiles/cmTC_ff269.dir/link.txt --verbose=1
/usr/bin/cc  -DCHECK_FUNCTION_EXISTS=pthread_create    -rdynamic CMakeFiles/cmTC_ff269.dir/CheckFunctionExists.c.o  -o cmTC_ff269 -lpthreads 
/usr/bin/ld: não foi possível localizar -lpthreads
collect2: error: ld returned 1 exit status
make[1]: *** [CMakeFiles/cmTC_ff269.dir/build.make:87: cmTC_ff269] Error 1
make[1]: Leaving directory '/home/pi/cpp_cam/build/CMakeFiles/CMakeTmp'
make: *** [Makefile:121: cmTC_ff269/fast] Error 2


